<?xml version="1.0" encoding="UTF-8"?>
<coverage generated="1786126760">
  <project timestamp="1786126760" name="Clover Coverage">
    <package name="App\Console\Commands">
      <file name="/app/app/Console/Commands/ImportPrompts.php">
        <class name="App\Console\Commands\ImportPrompts" namespace="App\Console\Commands">
          <metrics complexity="15" methods="1" coveredmethods="0" conditionals="0" coveredconditionals="0" statements="76" coveredstatements="73" elements="77" coveredelements="73"/>
        </class>
        <line num="42" type="method" name="handle" visibility="public" complexity="15" crap="15" count="5"/>
        <line num="44" type="stmt" count="5"/>
        <line num="48" type="stmt" count="5"/>
        <line num="49" type="stmt" count="0"/>
        <line num="50" type="stmt" count="5"/>
        <line num="51" type="stmt" count="4"/>
        <line num="53" type="stmt" count="1"/>
        <line num="55" type="stmt" count="1"/>
        <line num="58" type="stmt" count="4"/>
        <line num="59" type="stmt" count="4"/>
        <line num="60" type="stmt" count="1"/>
        <line num="62" type="stmt" count="1"/>
        <line num="65" type="stmt" count="3"/>
        <line num="66" type="stmt" count="3"/>
        <line num="67" type="stmt" count="3"/>
        <line num="69" type="stmt" count="3"/>
        <line num="70" type="stmt" count="1"/>
        <line num="71" type="stmt" count="1"/>
        <line num="72" type="stmt" count="1"/>
        <line num="75" type="stmt" count="3"/>
        <line num="77" type="stmt" count="3"/>
        <line num="78" type="stmt" count="1"/>
        <line num="79" type="stmt" count="1"/>
        <line num="80" type="stmt" count="0"/>
        <line num="82" type="stmt" count="1"/>
        <line num="83" type="stmt" count="1"/>
        <line num="84" type="stmt" count="1"/>
        <line num="85" type="stmt" count="1"/>
        <line num="89" type="stmt" count="3"/>
        <line num="93" type="stmt" count="3"/>
        <line num="94" type="stmt" count="3"/>
        <line num="95" type="stmt" count="3"/>
        <line num="96" type="stmt" count="3"/>
        <line num="97" type="stmt" count="3"/>
        <line num="98" type="stmt" count="1"/>
        <line num="101" type="stmt" count="3"/>
        <line num="102" type="stmt" count="3"/>
        <line num="103" type="stmt" count="0"/>
        <line num="106" type="stmt" count="3"/>
        <line num="107" type="stmt" count="3"/>
        <line num="108" type="stmt" count="3"/>
        <line num="109" type="stmt" count="3"/>
        <line num="110" type="stmt" count="3"/>
        <line num="111" type="stmt" count="3"/>
        <line num="112" type="stmt" count="3"/>
        <line num="113" type="stmt" count="3"/>
        <line num="114" type="stmt" count="3"/>
        <line num="115" type="stmt" count="3"/>
        <line num="116" type="stmt" count="3"/>
        <line num="117" type="stmt" count="3"/>
        <line num="118" type="stmt" count="3"/>
        <line num="119" type="stmt" count="3"/>
        <line num="120" type="stmt" count="3"/>
        <line num="121" type="stmt" count="3"/>
        <line num="125" type="stmt" count="3"/>
        <line num="126" type="stmt" count="3"/>
        <line num="129" type="stmt" count="2"/>
        <line num="130" type="stmt" count="1"/>
        <line num="132" type="stmt" count="1"/>
        <line num="133" type="stmt" count="1"/>
        <line num="134" type="stmt" count="1"/>
        <line num="135" type="stmt" count="1"/>
        <line num="136" type="stmt" count="1"/>
        <line num="137" type="stmt" count="1"/>
        <line num="138" type="stmt" count="1"/>
        <line num="139" type="stmt" count="1"/>
        <line num="140" type="stmt" count="1"/>
        <line num="141" type="stmt" count="1"/>
        <line num="142" type="stmt" count="1"/>
        <line num="144" type="stmt" count="3"/>
        <line num="146" type="stmt" count="3"/>
        <line num="147" type="stmt" count="3"/>
        <line num="148" type="stmt" count="3"/>
        <line num="149" type="stmt" count="3"/>
        <line num="150" type="stmt" count="3"/>
        <line num="151" type="stmt" count="3"/>
        <line num="153" type="stmt" count="3"/>
        <metrics loc="156" ncloc="125" classes="1" methods="1" coveredmethods="0" conditionals="0" coveredconditionals="0" statements="76" coveredstatements="73" elements="77" coveredelements="73"/>
      </file>
    </package>
    <package name="App\Http\Controllers\Api">
      <file name="/app/app/Http/Controllers/Api/AiProxyController.php">
        <class name="App\Http\Controllers\Api\AiProxyController" namespace="App\Http\Controllers\Api">
          <metrics complexity="10" methods="2" coveredmethods="1" conditionals="0" coveredconditionals="0" statements="45" coveredstatements="28" elements="47" coveredelements="29"/>
        </class>
        <line num="14" type="method" name="__construct" visibility="public" complexity="1" crap="1" count="2"/>
        <line num="21" type="method" name="__invoke" visibility="public" complexity="9" crap="13.67" count="2"/>
        <line num="23" type="stmt" count="2"/>
        <line num="24" type="stmt" count="2"/>
        <line num="25" type="stmt" count="2"/>
        <line num="26" type="stmt" count="2"/>
        <line num="27" type="stmt" count="2"/>
        <line num="28" type="stmt" count="2"/>
        <line num="29" type="stmt" count="2"/>
        <line num="30" type="stmt" count="2"/>
        <line num="31" type="stmt" count="2"/>
        <line num="33" type="stmt" count="2"/>
        <line num="34" type="stmt" count="2"/>
        <line num="35" type="stmt" count="2"/>
        <line num="36" type="stmt" count="2"/>
        <line num="37" type="stmt" count="2"/>
        <line num="38" type="stmt" count="2"/>
        <line num="42" type="stmt" count="2"/>
        <line num="44" type="stmt" count="2"/>
        <line num="45" type="stmt" count="0"/>
        <line num="48" type="stmt" count="2"/>
        <line num="49" type="stmt" count="1"/>
        <line num="52" type="stmt" count="1"/>
        <line num="54" type="stmt" count="1"/>
        <line num="55" type="stmt" count="1"/>
        <line num="56" type="stmt" count="1"/>
        <line num="57" type="stmt" count="1"/>
        <line num="58" type="stmt" count="1"/>
        <line num="59" type="stmt" count="1"/>
        <line num="60" type="stmt" count="1"/>
        <line num="63" type="stmt" count="0"/>
        <line num="64" type="stmt" count="0"/>
        <line num="68" type="stmt" count="0"/>
        <line num="70" type="stmt" count="0"/>
        <line num="71" type="stmt" count="0"/>
        <line num="74" type="stmt" count="0"/>
        <line num="75" type="stmt" count="0"/>
        <line num="76" type="stmt" count="0"/>
        <line num="77" type="stmt" count="0"/>
        <line num="78" type="stmt" count="0"/>
        <line num="79" type="stmt" count="0"/>
        <line num="81" type="stmt" count="0"/>
        <line num="82" type="stmt" count="0"/>
        <line num="83" type="stmt" count="0"/>
        <line num="84" type="stmt" count="0"/>
        <line num="87" type="stmt" count="0"/>
        <metrics loc="91" ncloc="82" classes="1" methods="2" coveredmethods="1" conditionals="0" coveredconditionals="0" statements="45" coveredstatements="28" elements="47" coveredelements="29"/>
      </file>
      <file name="/app/app/Http/Controllers/Api/CategoryController.php">
        <class name="App\Http\Controllers\Api\CategoryController" namespace="App\Http\Controllers\Api">
          <metrics complexity="1" methods="1" coveredmethods="1" conditionals="0" coveredconditionals="0" statements="1" coveredstatements="1" elements="2" coveredelements="2"/>
        </class>
        <line num="11" type="method" name="index" visibility="public" complexity="1" crap="1" count="2"/>
        <line num="13" type="stmt" count="2"/>
        <metrics loc="16" ncloc="16" classes="1" methods="1" coveredmethods="1" conditionals="0" coveredconditionals="0" statements="1" coveredstatements="1" elements="2" coveredelements="2"/>
      </file>
      <file name="/app/app/Http/Controllers/Api/PromptController.php">
        <class name="App\Http\Controllers\Api\PromptController" namespace="App\Http\Controllers\Api">
          <metrics complexity="8" methods="8" coveredmethods="8" conditionals="0" coveredconditionals="0" statements="30" coveredstatements="30" elements="38" coveredelements="38"/>
        </class>
        <line num="12" type="method" name="index" visibility="public" complexity="1" crap="1" count="1"/>
        <line num="14" type="stmt" count="1"/>
        <line num="15" type="stmt" count="1"/>
        <line num="16" type="stmt" count="1"/>
        <line num="17" type="stmt" count="1"/>
        <line num="18" type="stmt" count="1"/>
        <line num="21" type="method" name="store" visibility="public" complexity="1" crap="1" count="2"/>
        <line num="23" type="stmt" count="2"/>
        <line num="25" type="stmt" count="1"/>
        <line num="28" type="method" name="update" visibility="public" complexity="1" crap="1" count="2"/>
        <line num="30" type="stmt" count="2"/>
        <line num="32" type="stmt" count="2"/>
        <line num="35" type="method" name="destroy" visibility="public" complexity="1" crap="1" count="1"/>
        <line num="37" type="stmt" count="1"/>
        <line num="39" type="stmt" count="1"/>
        <line num="42" type="method" name="toggleFavorite" visibility="public" complexity="1" crap="1" count="1"/>
        <line num="44" type="stmt" count="1"/>
        <line num="46" type="stmt" count="1"/>
        <line num="49" type="method" name="incrementUsage" visibility="public" complexity="1" crap="1" count="1"/>
        <line num="51" type="stmt" count="1"/>
        <line num="53" type="stmt" count="1"/>
        <line num="56" type="method" name="versions" visibility="public" complexity="1" crap="1" count="1"/>
        <line num="58" type="stmt" count="1"/>
        <line num="59" type="stmt" count="1"/>
        <line num="60" type="stmt" count="1"/>
        <line num="66" type="method" name="validated" visibility="private" complexity="1" crap="1" count="3"/>
        <line num="68" type="stmt" count="3"/>
        <line num="69" type="stmt" count="3"/>
        <line num="70" type="stmt" count="3"/>
        <line num="71" type="stmt" count="3"/>
        <line num="72" type="stmt" count="3"/>
        <line num="73" type="stmt" count="3"/>
        <line num="74" type="stmt" count="3"/>
        <line num="75" type="stmt" count="3"/>
        <line num="76" type="stmt" count="3"/>
        <line num="77" type="stmt" count="3"/>
        <line num="79" type="stmt" count="2"/>
        <line num="81" type="stmt" count="2"/>
        <metrics loc="84" ncloc="81" classes="1" methods="8" coveredmethods="8" conditionals="0" coveredconditionals="0" statements="30" coveredstatements="30" elements="38" coveredelements="38"/>
      </file>
    </package>
    <package name="App\Http\Controllers\Auth">
      <file name="/app/app/Http/Controllers/Auth/MagicLinkController.php">
        <class name="App\Http\Controllers\Auth\MagicLinkController" namespace="App\Http\Controllers\Auth">
          <metrics complexity="16" methods="7" coveredmethods="5" conditionals="0" coveredconditionals="0" statements="50" coveredstatements="40" elements="57" coveredelements="45"/>
        </class>
        <line num="20" type="method" name="__construct" visibility="public" complexity="1" crap="1" count="7"/>
        <line num="27" type="method" name="send" visibility="public" complexity="4" crap="4.41" count="5"/>
        <line num="29" type="stmt" count="5"/>
        <line num="30" type="stmt" count="5"/>
        <line num="32" type="stmt" count="5"/>
        <line num="34" type="stmt" count="5"/>
        <line num="35" type="stmt" count="4"/>
        <line num="36" type="stmt" count="4"/>
        <line num="38" type="stmt" count="4"/>
        <line num="39" type="stmt" count="4"/>
        <line num="42" type="stmt" count="4"/>
        <line num="43" type="stmt" count="0"/>
        <line num="44" type="stmt" count="0"/>
        <line num="45" type="stmt" count="0"/>
        <line num="46" type="stmt" count="0"/>
        <line num="47" type="stmt" count="0"/>
        <line num="52" type="stmt" count="5"/>
        <line num="53" type="stmt" count="5"/>
        <line num="54" type="stmt" count="5"/>
        <line num="66" type="method" name="verify" visibility="public" complexity="2" crap="2" count="4"/>
        <line num="68" type="stmt" count="4"/>
        <line num="70" type="stmt" count="4"/>
        <line num="71" type="stmt" count="2"/>
        <line num="74" type="stmt" count="2"/>
        <line num="84" type="method" name="consume" visibility="public" complexity="4" crap="4" count="3"/>
        <line num="86" type="stmt" count="3"/>
        <line num="88" type="stmt" count="3"/>
        <line num="89" type="stmt" count="3"/>
        <line num="91" type="stmt" count="3"/>
        <line num="92" type="stmt" count="1"/>
        <line num="95" type="stmt" count="3"/>
        <line num="96" type="stmt" count="3"/>
        <line num="99" type="stmt" count="3"/>
        <line num="100" type="stmt" count="3"/>
        <line num="102" type="stmt" count="3"/>
        <line num="105" type="method" name="me" visibility="public" complexity="1" crap="2" count="0"/>
        <line num="107" type="stmt" count="0"/>
        <line num="108" type="stmt" count="0"/>
        <line num="109" type="stmt" count="0"/>
        <line num="110" type="stmt" count="0"/>
        <line num="111" type="stmt" count="0"/>
        <line num="114" type="method" name="logout" visibility="public" complexity="1" crap="1" count="2"/>
        <line num="116" type="stmt" count="2"/>
        <line num="117" type="stmt" count="2"/>
        <line num="118" type="stmt" count="2"/>
        <line num="120" type="stmt" count="2"/>
        <line num="128" type="method" name="resolveUser" visibility="private" complexity="3" crap="3" count="5"/>
        <line num="130" type="stmt" count="5"/>
        <line num="132" type="stmt" count="5"/>
        <line num="133" type="stmt" count="3"/>
        <line num="134" type="stmt" count="3"/>
        <line num="135" type="stmt" count="3"/>
        <line num="136" type="stmt" count="3"/>
        <line num="139" type="stmt" count="2"/>
        <line num="140" type="stmt" count="1"/>
        <line num="143" type="stmt" count="1"/>
        <metrics loc="146" ncloc="120" classes="1" methods="7" coveredmethods="5" conditionals="0" coveredconditionals="0" statements="50" coveredstatements="40" elements="57" coveredelements="45"/>
      </file>
    </package>
    <package name="App\Http\Controllers">
      <file name="/app/app/Http/Controllers/Controller.php">
        <class name="App\Http\Controllers\Controller" namespace="App\Http\Controllers">
          <metrics complexity="0" methods="0" coveredmethods="0" conditionals="0" coveredconditionals="0" statements="0" coveredstatements="0" elements="0" coveredelements="0"/>
        </class>
        <metrics loc="9" ncloc="8" classes="0" methods="0" coveredmethods="0" conditionals="0" coveredconditionals="0" statements="0" coveredstatements="0" elements="0" coveredelements="0"/>
      </file>
    </package>
    <package name="App\Mail">
      <file name="/app/app/Mail/MagicLinkMail.php">
        <class name="App\Mail\MagicLinkMail" namespace="App\Mail">
          <metrics complexity="3" methods="3" coveredmethods="3" conditionals="0" coveredconditionals="0" statements="7" coveredstatements="7" elements="10" coveredelements="10"/>
        </class>
        <line num="15" type="method" name="__construct" visibility="public" complexity="1" crap="1" count="5"/>
        <line num="18" type="stmt" count="5"/>
        <line num="20" type="method" name="envelope" visibility="public" complexity="1" crap="1" count="1"/>
        <line num="22" type="stmt" count="1"/>
        <line num="23" type="stmt" count="1"/>
        <line num="24" type="stmt" count="1"/>
        <line num="27" type="method" name="content" visibility="public" complexity="1" crap="1" count="1"/>
        <line num="29" type="stmt" count="1"/>
        <line num="30" type="stmt" count="1"/>
        <line num="31" type="stmt" count="1"/>
        <metrics loc="34" ncloc="34" classes="1" methods="3" coveredmethods="3" conditionals="0" coveredconditionals="0" statements="7" coveredstatements="7" elements="10" coveredelements="10"/>
      </file>
    </package>
    <package name="App\Mail\Transport">
      <file name="/app/app/Mail/Transport/DmxMailerTransport.php">
        <class name="App\Mail\Transport\DmxMailerTransport" namespace="App\Mail\Transport">
          <metrics complexity="14" methods="3" coveredmethods="2" conditionals="0" coveredconditionals="0" statements="42" coveredstatements="37" elements="45" coveredelements="39"/>
        </class>
        <line num="21" type="method" name="__construct" visibility="public" complexity="1" crap="1" count="5"/>
        <line num="26" type="stmt" count="5"/>
        <line num="29" type="method" name="doSend" visibility="protected" complexity="11" crap="11.24" count="3"/>
        <line num="31" type="stmt" count="3"/>
        <line num="33" type="stmt" count="3"/>
        <line num="34" type="stmt" count="3"/>
        <line num="35" type="stmt" count="3"/>
        <line num="36" type="stmt" count="3"/>
        <line num="37" type="stmt" count="3"/>
        <line num="38" type="stmt" count="3"/>
        <line num="39" type="stmt" count="3"/>
        <line num="41" type="stmt" count="3"/>
        <line num="42" type="stmt" count="3"/>
        <line num="44" type="stmt" count="3"/>
        <line num="45" type="stmt" count="3"/>
        <line num="46" type="stmt" count="0"/>
        <line num="47" type="stmt" count="0"/>
        <line num="48" type="stmt" count="0"/>
        <line num="49" type="stmt" count="0"/>
        <line num="50" type="stmt" count="0"/>
        <line num="53" type="stmt" count="3"/>
        <line num="54" type="stmt" count="3"/>
        <line num="55" type="stmt" count="3"/>
        <line num="56" type="stmt" count="3"/>
        <line num="57" type="stmt" count="3"/>
        <line num="58" type="stmt" count="3"/>
        <line num="59" type="stmt" count="3"/>
        <line num="60" type="stmt" count="3"/>
        <line num="61" type="stmt" count="3"/>
        <line num="62" type="stmt" count="3"/>
        <line num="63" type="stmt" count="3"/>
        <line num="64" type="stmt" count="3"/>
        <line num="65" type="stmt" count="3"/>
        <line num="66" type="stmt" count="3"/>
        <line num="67" type="stmt" count="3"/>
        <line num="69" type="stmt" count="3"/>
        <line num="70" type="stmt" count="3"/>
        <line num="71" type="stmt" count="1"/>
        <line num="74" type="stmt" count="3"/>
        <line num="76" type="stmt" count="3"/>
        <line num="77" type="stmt" count="1"/>
        <line num="78" type="stmt" count="1"/>
        <line num="79" type="stmt" count="1"/>
        <line num="83" type="method" name="__toString" visibility="public" complexity="2" crap="2" count="2"/>
        <line num="85" type="stmt" count="2"/>
        <metrics loc="88" ncloc="80" classes="1" methods="3" coveredmethods="2" conditionals="0" coveredconditionals="0" statements="42" coveredstatements="37" elements="45" coveredelements="39"/>
      </file>
    </package>
    <package name="App\Models">
      <file name="/app/app/Models/Category.php">
        <class name="App\Models\Category" namespace="App\Models">
          <metrics complexity="1" methods="1" coveredmethods="0" conditionals="0" coveredconditionals="0" statements="1" coveredstatements="0" elements="2" coveredelements="0"/>
        </class>
        <line num="15" type="method" name="prompts" visibility="public" complexity="1" crap="2" count="0"/>
        <line num="17" type="stmt" count="0"/>
        <metrics loc="20" ncloc="20" classes="1" methods="1" coveredmethods="0" conditionals="0" coveredconditionals="0" statements="1" coveredstatements="0" elements="2" coveredelements="0"/>
      </file>
      <file name="/app/app/Models/Prompt.php">
        <class name="App\Models\Prompt" namespace="App\Models">
          <metrics complexity="5" methods="4" coveredmethods="4" conditionals="0" coveredconditionals="0" statements="17" coveredstatements="17" elements="21" coveredelements="21"/>
        </class>
        <line num="19" type="method" name="casts" visibility="protected" complexity="1" crap="1" count="6"/>
        <line num="21" type="stmt" count="6"/>
        <line num="22" type="stmt" count="6"/>
        <line num="23" type="stmt" count="6"/>
        <line num="24" type="stmt" count="6"/>
        <line num="25" type="stmt" count="6"/>
        <line num="28" type="method" name="booted" visibility="protected" complexity="2" crap="2" count="6"/>
        <line num="32" type="stmt" count="6"/>
        <line num="33" type="stmt" count="3"/>
        <line num="34" type="stmt" count="1"/>
        <line num="37" type="stmt" count="2"/>
        <line num="39" type="stmt" count="2"/>
        <line num="40" type="stmt" count="2"/>
        <line num="41" type="stmt" count="2"/>
        <line num="42" type="stmt" count="2"/>
        <line num="43" type="stmt" count="2"/>
        <line num="44" type="stmt" count="6"/>
        <line num="47" type="method" name="category" visibility="public" complexity="1" crap="1" count="2"/>
        <line num="49" type="stmt" count="2"/>
        <line num="52" type="method" name="versions" visibility="public" complexity="1" crap="1" count="2"/>
        <line num="54" type="stmt" count="2"/>
        <metrics loc="57" ncloc="55" classes="1" methods="4" coveredmethods="4" conditionals="0" coveredconditionals="0" statements="17" coveredstatements="17" elements="21" coveredelements="21"/>
      </file>
      <file name="/app/app/Models/PromptVersion.php">
        <class name="App\Models\PromptVersion" namespace="App\Models">
          <metrics complexity="2" methods="2" coveredmethods="1" conditionals="0" coveredconditionals="0" statements="2" coveredstatements="1" elements="4" coveredelements="2"/>
        </class>
        <line num="15" type="method" name="casts" visibility="protected" complexity="1" crap="1" count="5"/>
        <line num="17" type="stmt" count="5"/>
        <line num="20" type="method" name="prompt" visibility="public" complexity="1" crap="2" count="0"/>
        <line num="22" type="stmt" count="0"/>
        <metrics loc="25" ncloc="25" classes="1" methods="2" coveredmethods="1" conditionals="0" coveredconditionals="0" statements="2" coveredstatements="1" elements="4" coveredelements="2"/>
      </file>
      <file name="/app/app/Models/User.php">
        <class name="App\Models\User" namespace="App\Models">
          <metrics complexity="1" methods="1" coveredmethods="1" conditionals="0" coveredconditionals="0" statements="4" coveredstatements="4" elements="5" coveredelements="5"/>
        </class>
        <line num="25" type="method" name="casts" visibility="protected" complexity="1" crap="1" count="14"/>
        <line num="27" type="stmt" count="14"/>
        <line num="28" type="stmt" count="14"/>
        <line num="29" type="stmt" count="14"/>
        <line num="30" type="stmt" count="14"/>
        <metrics loc="33" ncloc="26" classes="1" methods="1" coveredmethods="1" conditionals="0" coveredconditionals="0" statements="4" coveredstatements="4" elements="5" coveredelements="5"/>
      </file>
    </package>
    <package name="App\Providers">
      <file name="/app/app/Providers/AppServiceProvider.php">
        <class name="App\Providers\AppServiceProvider" namespace="App\Providers">
          <metrics complexity="2" methods="2" coveredmethods="1" conditionals="0" coveredconditionals="0" statements="17" coveredstatements="12" elements="19" coveredelements="13"/>
        </class>
        <line num="17" type="method" name="register" visibility="public" complexity="1" crap="1" count="53"/>
        <line num="20" type="stmt" count="53"/>
        <line num="25" type="method" name="boot" visibility="public" complexity="1" crap="1.03" count="53"/>
        <line num="29" type="stmt" count="53"/>
        <line num="30" type="stmt" count="5"/>
        <line num="31" type="stmt" count="5"/>
        <line num="32" type="stmt" count="5"/>
        <line num="33" type="stmt" count="5"/>
        <line num="34" type="stmt" count="53"/>
        <line num="37" type="stmt" count="53"/>
        <line num="38" type="stmt" count="2"/>
        <line num="39" type="stmt" count="53"/>
        <line num="43" type="stmt" count="53"/>
        <line num="44" type="stmt" count="0"/>
        <line num="45" type="stmt" count="0"/>
        <line num="46" type="stmt" count="0"/>
        <line num="47" type="stmt" count="0"/>
        <line num="48" type="stmt" count="0"/>
        <line num="49" type="stmt" count="53"/>
        <metrics loc="52" ncloc="40" classes="1" methods="2" coveredmethods="1" conditionals="0" coveredconditionals="0" statements="17" coveredstatements="12" elements="19" coveredelements="13"/>
      </file>
    </package>
    <package name="App\Services">
      <file name="/app/app/Services/AiProxyService.php">
        <class name="App\Services\AiProxyService" namespace="App\Services">
          <metrics complexity="49" methods="11" coveredmethods="5" conditionals="0" coveredconditionals="0" statements="128" coveredstatements="112" elements="139" coveredelements="117"/>
        </class>
        <line num="52" type="method" name="keyStatus" visibility="public" complexity="2" crap="2" count="2"/>
        <line num="54" type="stmt" count="2"/>
        <line num="55" type="stmt" count="2"/>
        <line num="56" type="stmt" count="2"/>
        <line num="57" type="stmt" count="2"/>
        <line num="60" type="method" name="resolveModel" visibility="public" complexity="5" crap="5" count="5"/>
        <line num="62" type="stmt" count="5"/>
        <line num="63" type="stmt" count="5"/>
        <line num="68" type="stmt" count="5"/>
        <line num="69" type="stmt" count="1"/>
        <line num="72" type="stmt" count="5"/>
        <line num="75" type="method" name="isModelAllowed" visibility="public" complexity="1" crap="1" count="2"/>
        <line num="77" type="stmt" count="2"/>
        <line num="80" type="method" name="isKnownProvider" visibility="public" complexity="1" crap="1" count="3"/>
        <line num="82" type="stmt" count="3"/>
        <line num="88" type="method" name="run" visibility="public" complexity="11" crap="11.56" count="8"/>
        <line num="90" type="stmt" count="8"/>
        <line num="92" type="stmt" count="8"/>
        <line num="93" type="stmt" count="1"/>
        <line num="96" type="stmt" count="8"/>
        <line num="97" type="stmt" count="3"/>
        <line num="98" type="stmt" count="2"/>
        <line num="99" type="stmt" count="1"/>
        <line num="100" type="stmt" count="0"/>
        <line num="101" type="stmt" count="0"/>
        <line num="102" type="stmt" count="1"/>
        <line num="103" type="stmt" count="6"/>
        <line num="104" type="stmt" count="8"/>
        <line num="107" type="method" name="http" visibility="private" complexity="1" crap="1" count="7"/>
        <line num="109" type="stmt" count="7"/>
        <line num="110" type="stmt" count="7"/>
        <line num="113" type="method" name="callGemini" visibility="private" complexity="5" crap="5.02" count="3"/>
        <line num="115" type="stmt" count="3"/>
        <line num="116" type="stmt" count="3"/>
        <line num="117" type="stmt" count="0"/>
        <line num="120" type="stmt" count="3"/>
        <line num="121" type="stmt" count="3"/>
        <line num="122" type="stmt" count="3"/>
        <line num="123" type="stmt" count="3"/>
        <line num="124" type="stmt" count="3"/>
        <line num="125" type="stmt" count="3"/>
        <line num="126" type="stmt" count="3"/>
        <line num="127" type="stmt" count="3"/>
        <line num="128" type="stmt" count="3"/>
        <line num="129" type="stmt" count="3"/>
        <line num="130" type="stmt" count="3"/>
        <line num="131" type="stmt" count="3"/>
        <line num="133" type="stmt" count="3"/>
        <line num="134" type="stmt" count="1"/>
        <line num="137" type="stmt" count="2"/>
        <line num="138" type="stmt" count="2"/>
        <line num="139" type="stmt" count="0"/>
        <line num="142" type="stmt" count="2"/>
        <line num="145" type="method" name="callAnthropic" visibility="private" complexity="5" crap="5.14" count="2"/>
        <line num="147" type="stmt" count="2"/>
        <line num="148" type="stmt" count="2"/>
        <line num="149" type="stmt" count="0"/>
        <line num="152" type="stmt" count="2"/>
        <line num="153" type="stmt" count="2"/>
        <line num="154" type="stmt" count="2"/>
        <line num="155" type="stmt" count="2"/>
        <line num="156" type="stmt" count="2"/>
        <line num="157" type="stmt" count="2"/>
        <line num="158" type="stmt" count="2"/>
        <line num="159" type="stmt" count="2"/>
        <line num="161" type="stmt" count="2"/>
        <line num="162" type="stmt" count="0"/>
        <line num="165" type="stmt" count="2"/>
        <line num="166" type="stmt" count="2"/>
        <line num="167" type="stmt" count="0"/>
        <line num="170" type="stmt" count="2"/>
        <line num="176" type="method" name="callOpenAiCompat" visibility="private" complexity="6" crap="6.02" count="2"/>
        <line num="186" type="stmt" count="2"/>
        <line num="187" type="stmt" count="0"/>
        <line num="190" type="stmt" count="2"/>
        <line num="191" type="stmt" count="2"/>
        <line num="193" type="stmt" count="2"/>
        <line num="194" type="stmt" count="2"/>
        <line num="195" type="stmt" count="2"/>
        <line num="196" type="stmt" count="2"/>
        <line num="197" type="stmt" count="2"/>
        <line num="198" type="stmt" count="2"/>
        <line num="199" type="stmt" count="2"/>
        <line num="200" type="stmt" count="2"/>
        <line num="201" type="stmt" count="2"/>
        <line num="203" type="stmt" count="2"/>
        <line num="204" type="stmt" count="1"/>
        <line num="207" type="stmt" count="2"/>
        <line num="208" type="stmt" count="2"/>
        <line num="209" type="stmt" count="2"/>
        <line num="210" type="stmt" count="2"/>
        <line num="212" type="stmt" count="2"/>
        <line num="213" type="stmt" count="1"/>
        <line num="216" type="stmt" count="2"/>
        <line num="217" type="stmt" count="2"/>
        <line num="218" type="stmt" count="0"/>
        <line num="221" type="stmt" count="2"/>
        <line num="224" type="method" name="callOpenRouter" visibility="private" complexity="4" crap="4.29" count="1"/>
        <line num="226" type="stmt" count="1"/>
        <line num="227" type="stmt" count="1"/>
        <line num="228" type="stmt" count="1"/>
        <line num="233" type="stmt" count="1"/>
        <line num="234" type="stmt" count="1"/>
        <line num="237" type="stmt" count="1"/>
        <line num="239" type="stmt" count="1"/>
        <line num="240" type="stmt" count="1"/>
        <line num="244" type="stmt" count="1"/>
        <line num="245" type="stmt" count="1"/>
        <line num="246" type="stmt" count="1"/>
        <line num="247" type="stmt" count="1"/>
        <line num="248" type="stmt" count="1"/>
        <line num="249" type="stmt" count="1"/>
        <line num="253" type="stmt" count="0"/>
        <line num="254" type="stmt" count="0"/>
        <line num="255" type="stmt" count="0"/>
        <line num="256" type="stmt" count="0"/>
        <line num="257" type="stmt" count="0"/>
        <line num="265" type="method" name="extractJsonObject" visibility="private" complexity="8" crap="8.06" count="4"/>
        <line num="267" type="stmt" count="4"/>
        <line num="269" type="stmt" count="4"/>
        <line num="270" type="stmt" count="4"/>
        <line num="271" type="stmt" count="1"/>
        <line num="274" type="stmt" count="3"/>
        <line num="275" type="stmt" count="3"/>
        <line num="276" type="stmt" count="1"/>
        <line num="279" type="stmt" count="2"/>
        <line num="280" type="stmt" count="2"/>
        <line num="281" type="stmt" count="2"/>
        <line num="282" type="stmt" count="2"/>
        <line num="283" type="stmt" count="2"/>
        <line num="284" type="stmt" count="2"/>
        <line num="285" type="stmt" count="2"/>
        <line num="286" type="stmt" count="2"/>
        <line num="287" type="stmt" count="2"/>
        <line num="288" type="stmt" count="2"/>
        <line num="289" type="stmt" count="2"/>
        <line num="290" type="stmt" count="2"/>
        <line num="292" type="stmt" count="0"/>
        <line num="297" type="stmt" count="0"/>
        <metrics loc="300" ncloc="266" classes="1" methods="11" coveredmethods="5" conditionals="0" coveredconditionals="0" statements="128" coveredstatements="112" elements="139" coveredelements="117"/>
      </file>
      <file name="/app/app/Services/MagicLinkService.php">
        <class name="App\Services\MagicLinkService" namespace="App\Services">
          <metrics complexity="14" methods="3" coveredmethods="1" conditionals="0" coveredconditionals="0" statements="36" coveredstatements="30" elements="39" coveredelements="31"/>
        </class>
        <line num="25" type="method" name="issue" visibility="public" complexity="5" crap="5.25" count="7"/>
        <line num="28" type="stmt" count="7"/>
        <line num="29" type="stmt" count="7"/>
        <line num="30" type="stmt" count="7"/>
        <line num="31" type="stmt" count="7"/>
        <line num="32" type="stmt" count="7"/>
        <line num="33" type="stmt" count="7"/>
        <line num="34" type="stmt" count="0"/>
        <line num="35" type="stmt" count="0"/>
        <line num="36" type="stmt" count="0"/>
        <line num="39" type="stmt" count="7"/>
        <line num="40" type="stmt" count="2"/>
        <line num="41" type="stmt" count="2"/>
        <line num="44" type="stmt" count="5"/>
        <line num="45" type="stmt" count="5"/>
        <line num="49" type="method" name="status" visibility="public" complexity="4" crap="4.32" count="7"/>
        <line num="51" type="stmt" count="7"/>
        <line num="52" type="stmt" count="1"/>
        <line num="56" type="stmt" count="6"/>
        <line num="57" type="stmt" count="6"/>
        <line num="58" type="stmt" count="6"/>
        <line num="59" type="stmt" count="6"/>
        <line num="60" type="stmt" count="6"/>
        <line num="61" type="stmt" count="0"/>
        <line num="62" type="stmt" count="0"/>
        <line num="63" type="stmt" count="0"/>
        <line num="66" type="stmt" count="6"/>
        <line num="69" type="method" name="consume" visibility="public" complexity="5" crap="5" count="6"/>
        <line num="71" type="stmt" count="6"/>
        <line num="72" type="stmt" count="1"/>
        <line num="75" type="stmt" count="5"/>
        <line num="76" type="stmt" count="5"/>
        <line num="77" type="stmt" count="5"/>
        <line num="78" type="stmt" count="5"/>
        <line num="79" type="stmt" count="5"/>
        <line num="81" type="stmt" count="5"/>
        <line num="82" type="stmt" count="2"/>
        <line num="85" type="stmt" count="4"/>
        <line num="86" type="stmt" count="4"/>
        <metrics loc="89" ncloc="73" classes="1" methods="3" coveredmethods="1" conditionals="0" coveredconditionals="0" statements="36" coveredstatements="30" elements="39" coveredelements="31"/>
      </file>
    </package>
    <metrics files="15" loc="1200" ncloc="1051" classes="14" methods="49" coveredmethods="33" conditionals="0" coveredconditionals="0" statements="456" coveredstatements="392" elements="505" coveredelements="425"/>
  </project>
</coverage>
